<?xml version="1.0" encoding="UTF-8"?>
<testng-results skipped="0" failed="0" total="0" passed="0">
  <reporter-output>
  </reporter-output>
  <suite name="QATest.Mavenjava.AppiumTest" duration-ms="4" started-at="2020-08-02T12:32:29Z" finished-at="2020-08-02T12:32:29Z">
    <groups>
    </groups>
    <test name="Command line test" duration-ms="4" started-at="2020-08-02T12:32:29Z" finished-at="2020-08-02T12:32:29Z">
    </test> <!-- Command line test -->
  </suite> <!-- QATest.Mavenjava.AppiumTest -->
</testng-results>
